<?xml version="1.0" encoding="UTF-8"?>
<testng-results skipped="0" failed="0" ignored="0" total="2" passed="2">
  <reporter-output>
  </reporter-output>
  <suite name="Default suite" duration-ms="85307" started-at="2019-03-05T07:30:23Z" finished-at="2019-03-05T07:31:49Z">
    <groups>
    </groups>
    <test name="Default test" duration-ms="85307" started-at="2019-03-05T07:30:23Z" finished-at="2019-03-05T07:31:49Z">
      <class name="com.crm.qa.Testcases.DealsPageTest">
        <test-method status="PASS" signature="setUp()[pri:0, instance:com.crm.qa.Testcases.DealsPageTest@3532ec19]" name="setUp" is-config="true" duration-ms="36682" started-at="2019-03-05T13:00:23Z" finished-at="2019-03-05T13:01:00Z">
          <reporter-output>
          </reporter-output>
        </test-method> <!-- setUp -->
        <test-method status="PASS" signature="test()[pri:0, instance:com.crm.qa.Testcases.DealsPageTest@3532ec19]" name="test" duration-ms="5956" started-at="2019-03-05T13:01:00Z" finished-at="2019-03-05T13:01:06Z">
          <reporter-output>
          </reporter-output>
        </test-method> <!-- test -->
        <test-method status="PASS" signature="tearDown()[pri:0, instance:com.crm.qa.Testcases.DealsPageTest@3532ec19]" name="tearDown" is-config="true" duration-ms="1067" started-at="2019-03-05T13:01:06Z" finished-at="2019-03-05T13:01:07Z">
          <reporter-output>
          </reporter-output>
        </test-method> <!-- tearDown -->
        <test-method status="PASS" signature="setUp()[pri:0, instance:com.crm.qa.Testcases.DealsPageTest@3532ec19]" name="setUp" is-config="true" duration-ms="37240" started-at="2019-03-05T13:01:07Z" finished-at="2019-03-05T13:01:44Z">
          <reporter-output>
          </reporter-output>
        </test-method> <!-- setUp -->
        <test-method status="PASS" signature="update()[pri:0, instance:com.crm.qa.Testcases.DealsPageTest@3532ec19]" name="update" duration-ms="3273" started-at="2019-03-05T13:01:44Z" finished-at="2019-03-05T13:01:48Z">
          <reporter-output>
          </reporter-output>
        </test-method> <!-- update -->
        <test-method status="PASS" signature="tearDown()[pri:0, instance:com.crm.qa.Testcases.DealsPageTest@3532ec19]" name="tearDown" is-config="true" duration-ms="1058" started-at="2019-03-05T13:01:48Z" finished-at="2019-03-05T13:01:49Z">
          <reporter-output>
          </reporter-output>
        </test-method> <!-- tearDown -->
      </class> <!-- com.crm.qa.Testcases.DealsPageTest -->
    </test> <!-- Default test -->
  </suite> <!-- Default suite -->
</testng-results>
